<?xml version="1.0" encoding="UTF-8"?>
<!-- Generated by org.testng.reporters.JUnitReportReporter -->
<testsuite hostname="REDDIPRASAD" failures="0" tests="1" name="com.sdet.TC_Login" time="9.844" errors="0" timestamp="2024-03-25T12:05:36 IST" skipped="0">
  <testcase classname="com.sdet.TC_Login" name="login_Test" time="9.844"/>
</testsuite> <!-- com.sdet.TC_Login -->
