<?xml version="1.0" encoding="UTF-8"?>
<!-- Generated by org.testng.reporters.JUnitReportReporter -->
<testsuite hostname="REDDIPRASAD" failures="0" tests="2" name="com.sdet.AppTest" time="0.009" errors="0" timestamp="2024-03-25T12:05:36 IST" skipped="0">
  <testcase classname="com.sdet.AppTest" name="testLogin2" time="0.001"/>
  <testcase classname="com.sdet.AppTest" name="testLogin1" time="0.008"/>
</testsuite> <!-- com.sdet.AppTest -->
